0.04925107955932617
0.03264307975769043
0.03094482421875
0.0297238826751709
0.03743863105773926
0.04610943794250488
0.03408026695251465
0.03620481491088867
0.0456690788269043
0.04317283630371094
0.03637576103210449
0.03479647636413574
0.03714919090270996
0.03452944755554199
0.029143810272216797
0.03222489356994629
0.017638206481933594
0.03453373908996582
0.032395362854003906
0.03042745590209961
0.02153754234313965
0.04096865653991699
0.03869438171386719
0.030511856079101562
0.023641347885131836
0.03839993476867676
0.03177332878112793
0.037012338638305664
0.03146815299987793
0.02857184410095215
0.046941280364990234
0.021104812622070312
0.032731056213378906
0.03626656532287598
0.04185366630554199
0.029330968856811523
0.04195141792297363
0.037790536880493164
0.0411531925201416
0.04051566123962402
0.038453102111816406
0.03046107292175293
0.03106212615966797
0.031192779541015625
0.04810762405395508
0.03548574447631836
0.022380352020263672
0.03646516799926758
0.032041072845458984
0.028512954711914062
