0.04268145561218262
0.03388190269470215
0.035811662673950195
0.03762507438659668
0.04173135757446289
0.025745153427124023
0.040123939514160156
0.02549600601196289
0.036260128021240234
0.039434194564819336
0.03831362724304199
0.03948640823364258
0.03052663803100586
0.0293576717376709
0.047936201095581055
0.03406691551208496
0.04253578186035156
0.02693343162536621
0.01912236213684082
0.03525972366333008
0.04199504852294922
0.029094934463500977
0.02017831802368164
0.030752897262573242
0.041706085205078125
0.03927040100097656
0.04154086112976074
0.038982391357421875
0.02093672752380371
0.027910232543945312
0.033147335052490234
0.02879476547241211
0.018755674362182617
0.03705406188964844
0.04823708534240723
0.04367518424987793
0.04131507873535156
0.0436100959777832
0.0408473014831543
0.04037809371948242
0.03889274597167969
0.039003610610961914
0.03463578224182129
0.04474472999572754
0.03356146812438965
0.046752214431762695
0.030303955078125
0.045767784118652344
0.029128074645996094
0.048700571060180664
0.06573724746704102
0.03857159614562988
0.03304624557495117
0.030658960342407227
0.03813815116882324
0.03900909423828125
0.03910636901855469
0.04157614707946777
0.039740800857543945
0.031223297119140625
0.04857921600341797
0.033843278884887695
0.0393214225769043
0.043628692626953125
0.032758235931396484
0.03898262977600098
0.028550148010253906
0.043498992919921875
0.04012274742126465
0.04797220230102539
0.04264473915100098
0.020857572555541992
0.04868173599243164
0.0441584587097168
0.039531707763671875
0.04439282417297363
0.0326695442199707
0.01920342445373535
0.0449528694152832
0.03864622116088867
0.0310518741607666
0.0409846305847168
0.038667917251586914
0.0392611026763916
0.027039527893066406
0.039131879806518555
0.04070472717285156
0.0424799919128418
0.04416632652282715
0.023145198822021484
0.042510986328125
0.0390925407409668
0.04169607162475586
0.037117958068847656
0.03132128715515137
0.03917384147644043
0.03779768943786621
0.03251528739929199
0.0439603328704834
0.03835010528564453
2.2106704711914062
0.04249978065490723
0.04927635192871094
0.04387211799621582
0.037001848220825195
0.057765960693359375
2.265385389328003
0.026173830032348633
0.0194547176361084
0.020984411239624023
0.02635025978088379
0.021842241287231445
0.031336307525634766
0.0411219596862793
0.04013657569885254
0.03450822830200195
0.04631638526916504
0.03390145301818848
0.05371904373168945
0.03199934959411621
0.04080510139465332
0.025812149047851562
0.012027263641357422
0.023370027542114258
0.0230410099029541
0.022774696350097656
0.029020309448242188
0.028568267822265625
0.021950244903564453
0.051119327545166016
0.050194740295410156
0.016173124313354492
0.016766786575317383
0.04292154312133789
