0.13716864585876465
0.14455819129943848
0.1477508544921875
0.11251711845397949
0.09486746788024902
0.09741091728210449
0.10753011703491211
0.17736029624938965
0.13526105880737305
0.1387925148010254
0.12803316116333008
0.1308300495147705
0.1677720546722412
0.12339353561401367
0.1393897533416748
0.1380326747894287
0.13103652000427246
0.1297464370727539
0.12766528129577637
0.12610411643981934
0.12767505645751953
0.12978458404541016
0.12657499313354492
0.12961745262145996
0.1243889331817627
0.13045835494995117
0.16444945335388184
0.13031601905822754
0.12172174453735352
0.13014531135559082
0.1288135051727295
0.127211332321167
0.12796759605407715
0.12941789627075195
0.12868285179138184
0.13116979598999023
0.12868237495422363
0.13180112838745117
