0.04392743110656738
0.03528285026550293
0.03525590896606445
0.02062511444091797
0.02449202537536621
0.04275369644165039
0.0400242805480957
0.03946495056152344
0.046485185623168945
0.04013872146606445
0.03970193862915039
0.039566755294799805
0.04512429237365723
0.03879690170288086
0.04314160346984863
0.04856252670288086
0.02691340446472168
0.03939247131347656
0.035326480865478516
0.03729128837585449
0.03994250297546387
0.0296323299407959
0.03438425064086914
0.039286136627197266
0.04085040092468262
0.02618122100830078
0.04023933410644531
0.03955221176147461
0.035035133361816406
0.0326385498046875
0.03406167030334473
0.030968904495239258
0.03302454948425293
0.03803849220275879
0.04766559600830078
0.039295196533203125
0.0395658016204834
0.04547524452209473
0.037120819091796875
0.03603029251098633
0.03850746154785156
0.039873600006103516
0.024310827255249023
0.033414602279663086
0.03442835807800293
0.02374100685119629
0.04494214057922363
0.04662966728210449
0.04184436798095703
0.029062509536743164
0.0668189525604248
0.041664838790893555
0.028026342391967773
0.01949763298034668
0.029492616653442383
0.04141640663146973
0.03971362113952637
0.04239916801452637
0.051056861877441406
0.01633596420288086
0.04925370216369629
0.023772239685058594
0.03972458839416504
0.04442167282104492
0.04360675811767578
0.03971743583679199
0.04207277297973633
0.039562225341796875
0.04269695281982422
0.04123568534851074
0.03874063491821289
0.04004836082458496
0.04848766326904297
0.04546332359313965
0.043909311294555664
0.04505443572998047
0.03184032440185547
0.03356647491455078
0.045618295669555664
0.03924202919006348
0.03271126747131348
0.040404319763183594
0.042670488357543945
0.0420989990234375
0.04537034034729004
0.04176640510559082
0.0419156551361084
0.04374384880065918
0.04883313179016113
0.03306770324707031
0.039552927017211914
0.0403895378112793
0.04313969612121582
0.028110027313232422
0.029929637908935547
0.04007124900817871
0.03897380828857422
0.01942920684814453
0.04446268081665039
0.04634594917297363
2.137037992477417
0.04549002647399902
0.034494876861572266
0.05253100395202637
0.048470497131347656
0.05864691734313965
2.2445223331451416
0.023306608200073242
0.014919042587280273
0.024789094924926758
0.026629924774169922
0.017398595809936523
0.04433917999267578
0.04167795181274414
0.04436779022216797
0.0364224910736084
0.04795575141906738
0.04411792755126953
0.059911251068115234
0.04378247261047363
0.03244304656982422
0.020826101303100586
0.014271974563598633
0.026031017303466797
0.01624608039855957
0.016880035400390625
0.03027510643005371
0.03030991554260254
0.03180265426635742
0.04149746894836426
0.04223942756652832
0.017244815826416016
0.018214941024780273
0.040396690368652344
0.027396678924560547
0.03640127182006836
0.03322196006774902
0.023505210876464844
0.02461695671081543
0.027340173721313477
0.03217029571533203
0.02382063865661621
0.012102842330932617
0.037914276123046875
0.014553308486938477
0.0141448974609375
0.036106109619140625
0.013364076614379883
0.01445913314819336
0.03349733352661133
0.03465437889099121
0.020956993103027344
0.029831647872924805
